<?xml version="1.0" encoding="UTF-8"?>
<testng-results ignored="0" total="2" passed="2" failed="0" skipped="0">
  <reporter-output>
  </reporter-output>
  <suite started-at="2025-10-17T14:27:37 EDT" name="LoginSuite" finished-at="2025-10-17T14:27:42 EDT" duration-ms="5040">
    <groups>
    </groups>
    <test started-at="2025-10-17T14:27:37 EDT" name="LoginTest" finished-at="2025-10-17T14:27:42 EDT" duration-ms="5040">
      <class name="tests.LoginTest">
        <test-method is-config="true" signature="setup()[pri:0, instance:tests.LoginTest@1a482e36]" started-at="2025-10-17T14:27:37 EDT" name="setup" finished-at="2025-10-17T14:27:39 EDT" duration-ms="1812" status="PASS">
          <reporter-output>
          </reporter-output>
        </test-method> <!-- setup -->
        <test-method signature="testinvalidLogin()[pri:0, instance:tests.LoginTest@1a482e36]" started-at="2025-10-17T14:27:39 EDT" name="testinvalidLogin" finished-at="2025-10-17T14:27:39 EDT" duration-ms="563" status="PASS">
          <reporter-output>
          </reporter-output>
        </test-method> <!-- testinvalidLogin -->
        <test-method is-config="true" signature="tearDown()[pri:0, instance:tests.LoginTest@1a482e36]" started-at="2025-10-17T14:27:39 EDT" name="tearDown" finished-at="2025-10-17T14:27:40 EDT" duration-ms="164" status="PASS">
          <reporter-output>
          </reporter-output>
        </test-method> <!-- tearDown -->
        <test-method is-config="true" signature="setup()[pri:0, instance:tests.LoginTest@1a482e36]" started-at="2025-10-17T14:27:40 EDT" name="setup" finished-at="2025-10-17T14:27:41 EDT" duration-ms="1678" status="PASS">
          <reporter-output>
          </reporter-output>
        </test-method> <!-- setup -->
        <test-method signature="testvalidLogin()[pri:0, instance:tests.LoginTest@1a482e36]" started-at="2025-10-17T14:27:41 EDT" name="testvalidLogin" finished-at="2025-10-17T14:27:42 EDT" duration-ms="502" status="PASS">
          <reporter-output>
          </reporter-output>
        </test-method> <!-- testvalidLogin -->
        <test-method is-config="true" signature="tearDown()[pri:0, instance:tests.LoginTest@1a482e36]" started-at="2025-10-17T14:27:42 EDT" name="tearDown" finished-at="2025-10-17T14:27:42 EDT" duration-ms="282" status="PASS">
          <reporter-output>
          </reporter-output>
        </test-method> <!-- tearDown -->
      </class> <!-- tests.LoginTest -->
    </test> <!-- LoginTest -->
  </suite> <!-- LoginSuite -->
</testng-results>
