<?xml version="1.0" encoding="UTF-8"?>
<testng-results ignored="0" total="1" passed="1" failed="0" skipped="0">
  <reporter-output>
  </reporter-output>
  <suite started-at="2025-10-19T15:04:58 EDT" name="Default suite" finished-at="2025-10-19T15:05:02 EDT" duration-ms="3178">
    <groups>
    </groups>
    <test started-at="2025-10-19T15:04:58 EDT" name="Default test" finished-at="2025-10-19T15:05:02 EDT" duration-ms="3178">
      <class name="tests.LoginTest">
        <test-method is-config="true" signature="setupReport()[pri:0, instance:tests.LoginTest@6ed3ccb2]" started-at="2025-10-19T15:04:58 EDT" name="setupReport" finished-at="2025-10-19T15:04:58 EDT" duration-ms="182" status="PASS">
          <reporter-output>
          </reporter-output>
        </test-method> <!-- setupReport -->
        <test-method is-config="true" signature="setup()[pri:0, instance:tests.LoginTest@6ed3ccb2]" started-at="2025-10-19T15:04:58 EDT" name="setup" finished-at="2025-10-19T15:05:01 EDT" duration-ms="2222" status="PASS">
          <reporter-output>
          </reporter-output>
        </test-method> <!-- setup -->
        <test-method signature="testvalidLogin()[pri:0, instance:tests.LoginTest@6ed3ccb2]" started-at="2025-10-19T15:05:01 EDT" name="testvalidLogin" finished-at="2025-10-19T15:05:01 EDT" duration-ms="699" status="PASS">
          <reporter-output>
          </reporter-output>
        </test-method> <!-- testvalidLogin -->
        <test-method is-config="true" signature="tearDown(org.testng.ITestResult)[pri:0, instance:tests.LoginTest@6ed3ccb2]" started-at="2025-10-19T15:05:01 EDT" name="tearDown" finished-at="2025-10-19T15:05:02 EDT" duration-ms="232" status="PASS">
          <params>
            <param index="0">
              <value>
                <![CDATA[[TestResult name=testvalidLogin status=SUCCESS method=LoginTest.testvalidLogin()[pri:0, instance:tests.LoginTest@6ed3ccb2] output={null}]]]>
              </value>
            </param>
          </params>
          <reporter-output>
          </reporter-output>
        </test-method> <!-- tearDown -->
        <test-method is-config="true" signature="teardownreport()[pri:0, instance:tests.LoginTest@6ed3ccb2]" started-at="2025-10-19T15:05:02 EDT" name="teardownreport" finished-at="2025-10-19T15:05:04 EDT" duration-ms="2252" status="PASS">
          <reporter-output>
          </reporter-output>
        </test-method> <!-- teardownreport -->
      </class> <!-- tests.LoginTest -->
    </test> <!-- Default test -->
  </suite> <!-- Default suite -->
</testng-results>
